<?xml version="1.0" encoding="UTF-8"?>
<!-- Generated by org.testng.reporters.JUnitXMLReporter -->
<testsuite hostname="shabi80" ignored="0" name="FullTest" tests="16" failures="2" timestamp="27 Feb 2018 18:07:31 GMT" time="330.154" errors="0">
  <testcase name="verifiyContactlabelTest" time="10.167" classname="com.crm.qa.testcases.ContactPageTest">
    <failure type="org.openqa.selenium.NoSuchElementException" message="Unable to locate element: //td[contains(text(),&amp;apos;Contacts1&amp;apos;)]
For documentation on this error, please visit: http://seleniumhq.org/exceptions/no_such_element.html
Build info: version: &amp;apos;3.9.1&amp;apos;, revision: &amp;apos;63f7b50&amp;apos;, time: &amp;apos;2018-02-07T22:25:02.294Z&amp;apos;
System info: host: &amp;apos;SHABI80&amp;apos;, ip: &amp;apos;172.23.134.97&amp;apos;, os.name: &amp;apos;Windows 10&amp;apos;, os.arch: &amp;apos;amd64&amp;apos;, os.version: &amp;apos;10.0&amp;apos;, java.version: &amp;apos;1.8.0_131&amp;apos;
Driver info: org.openqa.selenium.firefox.FirefoxDriver
Capabilities {acceptInsecureCerts: true, browserName: firefox, browserVersion: 57.0.4, javascriptEnabled: true, moz:accessibilityChecks: false, moz:headless: false, moz:processID: 5224, moz:profile: C:\Users\User\AppData\Local..., moz:webdriverClick: false, pageLoadStrategy: normal, platform: XP, platformName: XP, platformVersion: 10.0, rotatable: false, timeouts: {implicit: 0, pageLoad: 300000, script: 30000}}
Session ID: ff26d7d9-bae2-4882-8413-6a612b05a17e
*** Element info: {Using=xpath, value=//td[contains(text(),&amp;apos;Contacts1&amp;apos;)]}">
      <![CDATA[org.openqa.selenium.NoSuchElementException: Unable to locate element: //td[contains(text(),'Contacts1')]
For documentation on this error, please visit: http://seleniumhq.org/exceptions/no_such_element.html
Build info: version: '3.9.1', revision: '63f7b50', time: '2018-02-07T22:25:02.294Z'
System info: host: 'SHABI80', ip: '172.23.134.97', os.name: 'Windows 10', os.arch: 'amd64', os.version: '10.0', java.version: '1.8.0_131'
Driver info: org.openqa.selenium.firefox.FirefoxDriver
Capabilities {acceptInsecureCerts: true, browserName: firefox, browserVersion: 57.0.4, javascriptEnabled: true, moz:accessibilityChecks: false, moz:headless: false, moz:processID: 5224, moz:profile: C:\Users\User\AppData\Local..., moz:webdriverClick: false, pageLoadStrategy: normal, platform: XP, platformName: XP, platformVersion: 10.0, rotatable: false, timeouts: {implicit: 0, pageLoad: 300000, script: 30000}}
Session ID: ff26d7d9-bae2-4882-8413-6a612b05a17e
*** Element info: {Using=xpath, value=//td[contains(text(),'Contacts1')]}
	at org.openqa.selenium.remote.http.W3CHttpResponseCodec.createException(W3CHttpResponseCodec.java:187)
	at org.openqa.selenium.remote.http.W3CHttpResponseCodec.decode(W3CHttpResponseCodec.java:122)
	at org.openqa.selenium.remote.http.W3CHttpResponseCodec.decode(W3CHttpResponseCodec.java:49)
	at org.openqa.selenium.remote.HttpCommandExecutor.execute(HttpCommandExecutor.java:160)
	at org.openqa.selenium.remote.service.DriverCommandExecutor.execute(DriverCommandExecutor.java:83)
	at org.openqa.selenium.remote.RemoteWebDriver.execute(RemoteWebDriver.java:601)
	at org.openqa.selenium.remote.RemoteWebDriver.findElement(RemoteWebDriver.java:371)
	at org.openqa.selenium.remote.RemoteWebDriver.findElementByXPath(RemoteWebDriver.java:473)
	at org.openqa.selenium.By$ByXPath.findElement(By.java:361)
	at org.openqa.selenium.remote.RemoteWebDriver.findElement(RemoteWebDriver.java:363)
	at org.openqa.selenium.support.events.EventFiringWebDriver$2.invoke(EventFiringWebDriver.java:108)
	at com.sun.proxy.$Proxy8.findElement(Unknown Source)
	at org.openqa.selenium.support.events.EventFiringWebDriver.findElement(EventFiringWebDriver.java:192)
	at org.openqa.selenium.support.pagefactory.DefaultElementLocator.findElement(DefaultElementLocator.java:69)
	at org.openqa.selenium.support.pagefactory.internal.LocatingElementHandler.invoke(LocatingElementHandler.java:38)
	at com.sun.proxy.$Proxy12.isDisplayed(Unknown Source)
	at com.crm.qa.pages.ContactPage.contactLabelPresent(ContactPage.java:59)
	at com.crm.qa.testcases.ContactPageTest.verifiyContactlabelTest(ContactPageTest.java:49)
... Removed 33 stack frames]]>
    </failure>
  </testcase> <!-- verifiyContactlabelTest -->
  <testcase name="loginPageTitleTest" time="0.029" classname="com.crm.qa.testcases.LoginPageTest"/>
  <testcase name="validatePageTitleTest" time="0.017" classname="com.crm.qa.testcases.HomePageTest">
    <failure type="java.lang.AssertionError" message="Page Title does not mathch expected [CRMPRO] but found [#1 Free CRM for Any Business: Online Customer Relationship Software]">
      <![CDATA[java.lang.AssertionError: Page Title does not mathch expected [CRMPRO] but found [#1 Free CRM for Any Business: Online Customer Relationship Software]
	at com.crm.qa.testcases.HomePageTest.validatePageTitleTest(HomePageTest.java:48)
... Removed 30 stack frames]]>
    </failure>
  </testcase> <!-- validatePageTitleTest -->
  <testcase name="clickOnCheckBoxTest" time="0.288" classname="com.crm.qa.testcases.ContactPageTest"/>
  <testcase name="crmLogoImageTest" time="0.122" classname="com.crm.qa.testcases.LoginPageTest"/>
  <testcase name="varifyUsernameTest" time="5.356" classname="com.crm.qa.testcases.HomePageTest"/>
  <testcase name="clickOnCheckbox1Test" time="1.16" classname="com.crm.qa.testcases.ContactPageTest"/>
  <testcase name="loginTest" time="0.992" classname="com.crm.qa.testcases.LoginPageTest"/>
  <testcase name="verifyContactsLink" time="6.515" classname="com.crm.qa.testcases.HomePageTest"/>
  <testcase name="verifyContactSelectedTest" time="0.024" classname="com.crm.qa.testcases.ContactPageTest"/>
  <testcase name="verifyDealsLink" time="7.919" classname="com.crm.qa.testcases.HomePageTest"/>
  <testcase name="multiselectTest" time="0.226" classname="com.crm.qa.testcases.ContactPageTest"/>
  <testcase name="verifyTasksLink" time="3.031" classname="com.crm.qa.testcases.HomePageTest"/>
  <testcase name="validateCreatNewContactTest" time="2.801" classname="com.crm.qa.testcases.ContactPageTest"/>
  <testcase name="validateCreatNewContactTest" time="2.129" classname="com.crm.qa.testcases.ContactPageTest"/>
  <testcase name="validateCreatNewContactTest" time="2.266" classname="com.crm.qa.testcases.ContactPageTest"/>
</testsuite> <!-- FullTest -->
